Base path: 'C:/Program Files/Unity/Hub/Editor/2020.1.6f1/Editor/Data', plugins path 'C:/Program Files/Unity/Hub/Editor/2020.1.6f1/Editor/Data/PlaybackEngines'
Cmd: initializeCompiler
Cmd: compileComputeKernel
  error: 1 plat 4 at RayTracer.compute(91): use of potentially uninitialized variable (trace)
  api=4 insize=3882 outsize=29987 ok=1
Cmd: compileComputeKernel
  error: 1 plat 4 at RayTracer.compute(90): use of potentially uninitialized variable (trace)
  api=4 insize=3832 outsize=31303 ok=1
Cmd: compileComputeKernel
  error: 1 plat 4 at RayTracer.compute(90): use of potentially uninitialized variable (trace)
  api=4 insize=3866 outsize=30749 ok=1
Cmd: compileComputeKernel
  error: 1 plat 4 at Primitives.cginc(65): integer modulus may be much slower, try using uints if possible.
  error: 1 plat 4 at RayTracer.compute(87): use of potentially uninitialized variable (trace)
  api=4 insize=3979 outsize=33471 ok=1
Cmd: compileComputeKernel
  error: 1 plat 4 at Primitives.cginc(69): integer modulus may be much slower, try using uints if possible.
  error: 1 plat 4 at RayTracer.compute(87): use of potentially uninitialized variable (trace)
  api=4 insize=3979 outsize=42016 ok=1
Cmd: compileComputeKernel
  error: 1 plat 4 at Primitives.cginc(71): integer modulus may be much slower, try using uints if possible.
  error: 1 plat 4 at RayTracer.compute(87): use of potentially uninitialized variable (trace)
  api=4 insize=3979 outsize=41996 ok=1
